Base path: 'C:/Program Files/Unity/Hub/Editor/2019.3.5f1/Editor/Data', plugins path 'C:/Program Files/Unity/Hub/Editor/2019.3.5f1/Editor/Data/PlaybackEngines'
Cmd: initializeCompiler
Cmd: compileSnippet
  api=4 type=0 insize=934 outsize=818 kw= pd=UNITY_ENABLE_REFLECTION_BUFFERS UNITY_USE_DITHER_MASK_FOR_ALPHABLENDED_SHADOWS UNITY_PBS_USE_BRDF1 UNITY_SPECCUBE_BOX_PROJECTION UNITY_SPECCUBE_BLENDING UNITY_ENABLE_DETAIL_NORMALMAP SHADER_API_DESKTOP UNITY_COLORSPACE_GAMMA UNITY_LIGHT_PROBE_PROXY_VOLUME UNITY_LIGHTMAP_FULL_HDR ok=1
Cmd: compileSnippet
  api=4 type=1 insize=934 outsize=250 kw= pd=UNITY_ENABLE_REFLECTION_BUFFERS UNITY_USE_DITHER_MASK_FOR_ALPHABLENDED_SHADOWS UNITY_PBS_USE_BRDF1 UNITY_SPECCUBE_BOX_PROJECTION UNITY_SPECCUBE_BLENDING UNITY_ENABLE_DETAIL_NORMALMAP SHADER_API_DESKTOP UNITY_COLORSPACE_GAMMA UNITY_LIGHT_PROBE_PROXY_VOLUME UNITY_LIGHTMAP_FULL_HDR ok=1
Cmd: preprocessCompute
  insize=6371 outsize=6373 ok=1
Cmd: preprocessCompute
  insize=5813 outsize=5815 ok=1
Cmd: preprocess
  insize=22653 outsize=466 ok=1
Cmd: preprocessCompute
  insize=1965 outsize=1967 ok=1
Cmd: preprocessCompute
  insize=6337 outsize=6339 ok=1
Cmd: preprocessCompute
  insize=5813 outsize=5815 ok=1
Cmd: preprocess
  insize=22653 outsize=466 ok=1
Cmd: preprocessCompute
  insize=1965 outsize=1967 ok=1
Cmd: preprocessCompute
  insize=7102 outsize=7104 ok=1
Cmd: preprocessCompute
  insize=7291 outsize=7293 ok=1
Cmd: preprocess
  insize=23013 outsize=453 ok=1
Cmd: preprocessCompute
  insize=7102 outsize=7104 ok=1
Cmd: preprocessCompute
  insize=7291 outsize=7293 ok=1
Cmd: preprocess
  insize=23297 outsize=453 ok=1
Cmd: preprocessCompute
  insize=6921 outsize=6923 ok=1
Cmd: preprocessCompute
  insize=7177 outsize=7179 ok=1
Cmd: preprocess
  insize=23329 outsize=453 ok=1
Cmd: preprocessCompute
  insize=6921 outsize=6923 ok=1
Cmd: preprocessCompute
  insize=7177 outsize=7179 ok=1
Cmd: preprocess
  insize=23060 outsize=480 ok=1
Cmd: preprocessCompute
  insize=6921 outsize=6923 ok=1
Cmd: preprocessCompute
  insize=7177 outsize=7179 ok=1
Cmd: preprocess
  insize=23060 outsize=480 ok=1
